<?xml version="1.0" encoding="UTF-8"?>
<testng-results skipped="0" failed="0" ignored="0" total="1" passed="1">
  <reporter-output>
  </reporter-output>
  <suite name="Default suite" duration-ms="480" started-at="2019-10-13T16:32:18 IST" finished-at="2019-10-13T16:32:18 IST">
    <groups>
    </groups>
    <test name="Default test" duration-ms="480" started-at="2019-10-13T16:32:18 IST" finished-at="2019-10-13T16:32:18 IST">
      <class name="Project.Project.ReadExcel_Data">
        <test-method status="PASS" signature="beforeSuite()[pri:0, instance:Project.Project.ReadExcel_Data@57855c9a]" name="beforeSuite" is-config="true" duration-ms="4642" started-at="2019-10-13T16:32:13 IST" finished-at="2019-10-13T16:32:18 IST">
          <reporter-output>
          </reporter-output>
        </test-method> <!-- beforeSuite -->
        <test-method status="PASS" signature="readData()[pri:0, instance:Project.Project.ReadExcel_Data@57855c9a]" name="readData" duration-ms="452" started-at="2019-10-13T16:32:18 IST" finished-at="2019-10-13T16:32:18 IST">
          <reporter-output>
          </reporter-output>
        </test-method> <!-- readData -->
      </class> <!-- Project.Project.ReadExcel_Data -->
    </test> <!-- Default test -->
  </suite> <!-- Default suite -->
</testng-results>
